<?xml version="1.0" encoding="UTF-8"?>
<testsuite name="com.pgi.MarketplaceApplicationTests" tests="1" skipped="0" failures="0" errors="0" timestamp="2016-02-11T15:43:19" hostname="PVILT230" time="0.002">
  <properties/>
  <testcase name="contextLoads" classname="com.pgi.MarketplaceApplicationTests" time="0.002"/>
  <system-out><![CDATA[15:43:14.747 [Test worker] DEBUG o.s.t.c.j.SpringJUnit4ClassRunner - SpringJUnit4ClassRunner constructor called with [class com.pgi.MarketplaceApplicationTests]
15:43:14.753 [Test worker] DEBUG o.s.test.context.BootstrapUtils - Instantiating CacheAwareContextLoaderDelegate from class [org.springframework.test.context.cache.DefaultCacheAwareContextLoaderDelegate]
15:43:14.760 [Test worker] DEBUG o.s.test.context.BootstrapUtils - Instantiating BootstrapContext using constructor [public org.springframework.test.context.support.DefaultBootstrapContext(java.lang.Class,org.springframework.test.context.CacheAwareContextLoaderDelegate)]
15:43:14.773 [Test worker] DEBUG o.s.test.context.BootstrapUtils - Instantiating TestContextBootstrapper for test class [com.pgi.MarketplaceApplicationTests] from class [org.springframework.test.context.web.WebTestContextBootstrapper]
15:43:14.804 [Test worker] DEBUG o.s.t.c.w.WebTestContextBootstrapper - Found explicit ContextLoader class [org.springframework.boot.test.SpringApplicationContextLoader] for context configuration attributes [ContextConfigurationAttributes@739ffd2f declaringClass = 'com.pgi.MarketplaceApplicationTests', classes = '{class com.pgi.MarketplaceApplication}', locations = '{}', inheritLocations = true, initializers = '{}', inheritInitializers = true, name = [null], contextLoaderClass = 'org.springframework.boot.test.SpringApplicationContextLoader']
15:43:14.817 [Test worker] DEBUG o.s.t.c.s.AbstractContextLoader - Did not detect default resource location for test class [com.pgi.MarketplaceApplicationTests]: class path resource [com/pgi/MarketplaceApplicationTests-context.xml] does not exist
15:43:14.818 [Test worker] DEBUG o.s.t.c.s.AbstractContextLoader - Did not detect default resource location for test class [com.pgi.MarketplaceApplicationTests]: class path resource [com/pgi/MarketplaceApplicationTestsContext.groovy] does not exist
15:43:14.819 [Test worker] INFO  o.s.t.c.s.AbstractContextLoader - Could not detect default resource locations for test class [com.pgi.MarketplaceApplicationTests]: no resource found for suffixes {-context.xml, Context.groovy}.
15:43:14.822 [Test worker] DEBUG o.s.t.c.support.ActiveProfilesUtils - Could not find an 'annotation declaring class' for annotation type [org.springframework.test.context.ActiveProfiles] and class [com.pgi.MarketplaceApplicationTests]
15:43:14.826 [Test worker] DEBUG o.s.t.c.w.WebTestContextBootstrapper - @TestExecutionListeners is not present for class [com.pgi.MarketplaceApplicationTests]: using defaults.
15:43:14.834 [Test worker] INFO  o.s.t.c.w.WebTestContextBootstrapper - Loaded default TestExecutionListener class names from location [META-INF/spring.factories]: [org.springframework.test.context.web.ServletTestExecutionListener, org.springframework.test.context.support.DirtiesContextBeforeModesTestExecutionListener, org.springframework.test.context.support.DependencyInjectionTestExecutionListener, org.springframework.test.context.support.DirtiesContextTestExecutionListener, org.springframework.test.context.transaction.TransactionalTestExecutionListener, org.springframework.test.context.jdbc.SqlScriptsTestExecutionListener]
15:43:14.844 [Test worker] INFO  o.s.t.c.w.WebTestContextBootstrapper - Could not instantiate TestExecutionListener [org.springframework.test.context.jdbc.SqlScriptsTestExecutionListener]. Specify custom listener classes or make the default listener classes (and their required dependencies) available. Offending class: [org/springframework/transaction/interceptor/TransactionAttribute]
15:43:14.850 [Test worker] INFO  o.s.t.c.w.WebTestContextBootstrapper - Could not instantiate TestExecutionListener [org.springframework.test.context.transaction.TransactionalTestExecutionListener]. Specify custom listener classes or make the default listener classes (and their required dependencies) available. Offending class: [org/springframework/transaction/interceptor/TransactionAttributeSource]
15:43:14.852 [Test worker] INFO  o.s.t.c.w.WebTestContextBootstrapper - Using TestExecutionListeners: [org.springframework.test.context.web.ServletTestExecutionListener@57d0258a, org.springframework.test.context.support.DirtiesContextBeforeModesTestExecutionListener@2250b410, org.springframework.test.context.support.DependencyInjectionTestExecutionListener@605d9809, org.springframework.test.context.support.DirtiesContextTestExecutionListener@20a8a84c]
15:43:14.855 [Test worker] DEBUG o.s.t.annotation.ProfileValueUtils - Retrieved @ProfileValueSourceConfiguration [null] for test class [com.pgi.MarketplaceApplicationTests]
15:43:14.856 [Test worker] DEBUG o.s.t.annotation.ProfileValueUtils - Retrieved ProfileValueSource type [class org.springframework.test.annotation.SystemProfileValueSource] for class [com.pgi.MarketplaceApplicationTests]
15:43:14.857 [Test worker] DEBUG o.s.t.annotation.ProfileValueUtils - Retrieved @ProfileValueSourceConfiguration [null] for test class [com.pgi.MarketplaceApplicationTests]
15:43:14.857 [Test worker] DEBUG o.s.t.annotation.ProfileValueUtils - Retrieved ProfileValueSource type [class org.springframework.test.annotation.SystemProfileValueSource] for class [com.pgi.MarketplaceApplicationTests]
15:43:14.860 [Test worker] DEBUG o.s.t.c.s.AbstractDirtiesContextTestExecutionListener - Before test class: context [DefaultTestContext@67c9c73 testClass = MarketplaceApplicationTests, testInstance = [null], testMethod = [null], testException = [null], mergedContextConfiguration = [WebMergedContextConfiguration@5f034558 testClass = MarketplaceApplicationTests, locations = '{}', classes = '{class com.pgi.MarketplaceApplication}', contextInitializerClasses = '[]', activeProfiles = '{}', propertySourceLocations = '{}', propertySourceProperties = '{}', resourceBasePath = 'src/main/webapp', contextLoader = 'org.springframework.boot.test.SpringApplicationContextLoader', parent = [null]]], class annotated with @DirtiesContext [false] with mode [null].
15:43:14.861 [Test worker] DEBUG o.s.t.annotation.ProfileValueUtils - Retrieved @ProfileValueSourceConfiguration [null] for test class [com.pgi.MarketplaceApplicationTests]
15:43:14.862 [Test worker] DEBUG o.s.t.annotation.ProfileValueUtils - Retrieved ProfileValueSource type [class org.springframework.test.annotation.SystemProfileValueSource] for class [com.pgi.MarketplaceApplicationTests]
15:43:14.944 [Test worker] DEBUG o.s.core.env.StandardEnvironment - Adding [systemProperties] PropertySource with lowest search precedence
15:43:14.946 [Test worker] DEBUG o.s.core.env.StandardEnvironment - Adding [systemEnvironment] PropertySource with lowest search precedence
15:43:14.947 [Test worker] DEBUG o.s.core.env.StandardEnvironment - Initialized StandardEnvironment with PropertySources [systemProperties,systemEnvironment]
15:43:14.949 [Test worker] DEBUG o.s.core.env.StandardEnvironment - Adding [integrationTest] PropertySource with search precedence immediately lower than [systemEnvironment]

  .   ____          _            __ _ _
 /\\ / ___'_ __ _ _(_)_ __  __ _ \ \ \ \
( ( )\___ | '_ | '_| | '_ \/ _` | \ \ \ \
 \\/  ___)| |_)| | | | | || (_| |  ) ) ) )
  '  |____| .__|_| |_|_| |_\__, | / / / /
 =========|_|==============|___/=/_/_/_/
 :: Spring Boot ::        (v1.3.2.RELEASE)

2016-02-11 15:43:15.363  INFO 58960 --- [    Test worker] com.pgi.MarketplaceApplicationTests      : Starting MarketplaceApplicationTests on PVILT230 with PID 58960 (C:\git2\marketplace\build\classes\test started by tec060872pf in C:\git2\marketplace)
2016-02-11 15:43:15.364  INFO 58960 --- [    Test worker] com.pgi.MarketplaceApplicationTests      : No active profile set, falling back to default profiles: default
2016-02-11 15:43:15.495  INFO 58960 --- [    Test worker] o.s.w.c.s.GenericWebApplicationContext   : Refreshing org.springframework.web.context.support.GenericWebApplicationContext@1ba5f3e5: startup date [Thu Feb 11 15:43:15 GMT 2016]; root of context hierarchy
2016-02-11 15:43:16.780  INFO 58960 --- [    Test worker] o.s.b.f.s.DefaultListableBeanFactory     : Overriding bean definition for bean 'beanNameViewResolver' with a different definition: replacing [Root bean: class [null]; scope=; abstract=false; lazyInit=false; autowireMode=3; dependencyCheck=0; autowireCandidate=true; primary=false; factoryBeanName=org.springframework.boot.autoconfigure.web.ErrorMvcAutoConfiguration$WhitelabelErrorViewConfiguration; factoryMethodName=beanNameViewResolver; initMethodName=null; destroyMethodName=(inferred); defined in class path resource [org/springframework/boot/autoconfigure/web/ErrorMvcAutoConfiguration$WhitelabelErrorViewConfiguration.class]] with [Root bean: class [null]; scope=; abstract=false; lazyInit=false; autowireMode=3; dependencyCheck=0; autowireCandidate=true; primary=false; factoryBeanName=org.springframework.boot.autoconfigure.web.WebMvcAutoConfiguration$WebMvcAutoConfigurationAdapter; factoryMethodName=beanNameViewResolver; initMethodName=null; destroyMethodName=(inferred); defined in class path resource [org/springframework/boot/autoconfigure/web/WebMvcAutoConfiguration$WebMvcAutoConfigurationAdapter.class]]
2016-02-11 15:43:18.206  INFO 58960 --- [    Test worker] s.w.s.m.m.a.RequestMappingHandlerAdapter : Looking for @ControllerAdvice: org.springframework.web.context.support.GenericWebApplicationContext@1ba5f3e5: startup date [Thu Feb 11 15:43:15 GMT 2016]; root of context hierarchy
2016-02-11 15:43:18.281  INFO 58960 --- [    Test worker] s.w.s.m.m.a.RequestMappingHandlerMapping : Mapped "{[/resource]}" onto public java.util.Map<java.lang.String, java.lang.Object> com.pgi.MarketplaceApplication.home()
2016-02-11 15:43:18.283  INFO 58960 --- [    Test worker] s.w.s.m.m.a.RequestMappingHandlerMapping : Mapped "{[/prodlist]}" onto public java.util.Map<java.lang.String, java.lang.Object> com.pgi.MarketController.list()
2016-02-11 15:43:18.286  INFO 58960 --- [    Test worker] s.w.s.m.m.a.RequestMappingHandlerMapping : Mapped "{[/error]}" onto public org.springframework.http.ResponseEntity<java.util.Map<java.lang.String, java.lang.Object>> org.springframework.boot.autoconfigure.web.BasicErrorController.error(javax.servlet.http.HttpServletRequest)
2016-02-11 15:43:18.287  INFO 58960 --- [    Test worker] s.w.s.m.m.a.RequestMappingHandlerMapping : Mapped "{[/error],produces=[text/html]}" onto public org.springframework.web.servlet.ModelAndView org.springframework.boot.autoconfigure.web.BasicErrorController.errorHtml(javax.servlet.http.HttpServletRequest,javax.servlet.http.HttpServletResponse)
2016-02-11 15:43:18.299  INFO 58960 --- [    Test worker] o.s.w.s.c.a.WebMvcConfigurerAdapter      : Adding welcome page: ServletContext resource [/index.html]
2016-02-11 15:43:18.321  INFO 58960 --- [    Test worker] o.s.w.s.handler.SimpleUrlHandlerMapping  : Root mapping to handler of type [class org.springframework.web.servlet.mvc.ParameterizableViewController]
2016-02-11 15:43:18.345  INFO 58960 --- [    Test worker] o.s.w.s.handler.SimpleUrlHandlerMapping  : Mapped URL path [/webjars/**] onto handler of type [class org.springframework.web.servlet.resource.ResourceHttpRequestHandler]
2016-02-11 15:43:18.345  INFO 58960 --- [    Test worker] o.s.w.s.handler.SimpleUrlHandlerMapping  : Mapped URL path [/**] onto handler of type [class org.springframework.web.servlet.resource.ResourceHttpRequestHandler]
2016-02-11 15:43:18.403  INFO 58960 --- [    Test worker] o.s.w.s.handler.SimpleUrlHandlerMapping  : Mapped URL path [/**/favicon.ico] onto handler of type [class org.springframework.web.servlet.resource.ResourceHttpRequestHandler]
2016-02-11 15:43:18.889  INFO 58960 --- [    Test worker] o.s.s.web.DefaultSecurityFilterChain     : Creating filter chain: Ant [pattern='/css/**'], []
2016-02-11 15:43:18.889  INFO 58960 --- [    Test worker] o.s.s.web.DefaultSecurityFilterChain     : Creating filter chain: Ant [pattern='/js/**'], []
2016-02-11 15:43:18.890  INFO 58960 --- [    Test worker] o.s.s.web.DefaultSecurityFilterChain     : Creating filter chain: Ant [pattern='/images/**'], []
2016-02-11 15:43:18.890  INFO 58960 --- [    Test worker] o.s.s.web.DefaultSecurityFilterChain     : Creating filter chain: Ant [pattern='/**/favicon.ico'], []
2016-02-11 15:43:18.890  INFO 58960 --- [    Test worker] o.s.s.web.DefaultSecurityFilterChain     : Creating filter chain: Ant [pattern='/error'], []
2016-02-11 15:43:18.959  INFO 58960 --- [    Test worker] o.s.s.web.DefaultSecurityFilterChain     : Creating filter chain: OrRequestMatcher [requestMatchers=[Ant [pattern='/**']]], [org.springframework.security.web.context.request.async.WebAsyncManagerIntegrationFilter@630cd066, org.springframework.security.web.context.SecurityContextPersistenceFilter@3675de9f, org.springframework.security.web.header.HeaderWriterFilter@7789a38f, org.springframework.security.web.authentication.logout.LogoutFilter@27264c24, org.springframework.security.web.authentication.www.BasicAuthenticationFilter@7a0e27c6, org.springframework.security.web.savedrequest.RequestCacheAwareFilter@484c15cd, org.springframework.security.web.servletapi.SecurityContextHolderAwareRequestFilter@283dd358, org.springframework.security.web.authentication.AnonymousAuthenticationFilter@5e460b57, org.springframework.security.web.session.SessionManagementFilter@5a7d55e7, org.springframework.security.web.access.ExceptionTranslationFilter@5164b7b2, org.springframework.security.web.access.intercept.FilterSecurityInterceptor@8d45aa]
2016-02-11 15:43:19.145  INFO 58960 --- [    Test worker] com.pgi.MarketplaceApplicationTests      : Started MarketplaceApplicationTests in 4.184 seconds (JVM running for 5.207)
]]></system-out>
  <system-err><![CDATA[]]></system-err>
</testsuite>
